<?xml version="1.0" encoding="UTF-8"?>
<!-- Generated by org.testng.reporters.JUnitReportReporter -->
<testsuite hostname="Aniket" failures="0" tests="1" name="com.OpenCart.TestLayer.LogoutTestPage" time="12.605" errors="0" timestamp="2024-08-17T17:59:36 IST" skipped="0">
  <testcase classname="com.OpenCart.TestLayer.LogoutTestPage" name="VerifyLogoutFunctionality" time="12.605"/>
  <system-out/>
</testsuite> <!-- com.OpenCart.TestLayer.LogoutTestPage -->
