<?xml version="1.0" encoding="UTF-8"?>
<!-- Generated by org.testng.reporters.JUnitReportReporter -->
<testsuite hostname="Aniket" failures="0" tests="1" name="com.OpenCart.TestLayer.BuyProductTestPage" time="33.241" errors="0" timestamp="2024-08-17T17:59:36 IST" skipped="0">
  <testcase classname="com.OpenCart.TestLayer.BuyProductTestPage" name="VerifyBuyProductFunctionality" time="33.241"/>
  <system-out/>
</testsuite> <!-- com.OpenCart.TestLayer.BuyProductTestPage -->
